<?xml version="1.0" encoding="UTF-8" ?>
<testsuite tests="40" failures="0" name="model.GamePlayersTest" time="0" errors="0" skipped="0">
  <properties>
    <property name="java.runtime.name" value="OpenJDK Runtime Environment"/>
    <property name="java.vm.version" value="17.0.2+0"/>
    <property name="sun.boot.library.path" value="/usr/local/Cellar/openjdk/17.0.2/libexec/openjdk.jdk/Contents/Home/lib"/>
    <property name="maven.multiModuleProjectDirectory" value="/Users/cuenc/Documents/PF2-Project"/>
    <property name="java.vm.vendor" value="Homebrew"/>
    <property name="java.vendor.url" value="https://github.com/Homebrew/homebrew-core/issues"/>
    <property name="guice.disable.misplaced.annotation.check" value="true"/>
    <property name="path.separator" value=":"/>
    <property name="java.vm.name" value="OpenJDK 64-Bit Server VM"/>
    <property name="user.country" value="CH"/>
    <property name="sun.java.launcher" value="SUN_STANDARD"/>
    <property name="java.vm.specification.name" value="Java Virtual Machine Specification"/>
    <property name="user.dir" value="/Users/cuenc/Documents/PF2-Project"/>
    <property name="java.vm.compressedOopsMode" value="Zero based"/>
    <property name="java.runtime.version" value="17.0.2+0"/>
    <property name="os.arch" value="x86_64"/>
    <property name="java.io.tmpdir" value="/var/folders/7d/6hh48xyx1zggdd4d8y2pgj4c0000gn/T/"/>
    <property name="line.separator" value="
"/>
    <property name="java.vm.specification.vendor" value="Oracle Corporation"/>
    <property name="os.name" value="Mac OS X"/>
    <property name="classworlds.conf" value="/usr/local/Cellar/maven/3.8.4/libexec/bin/m2.conf"/>
    <property name="sun.jnu.encoding" value="UTF-8"/>
    <property name="java.library.path" value="/Users/cuenc/Library/Java/Extensions:/Library/Java/Extensions:/Network/Library/Java/Extensions:/System/Library/Java/Extensions:/usr/lib/java:."/>
    <property name="maven.conf" value="/usr/local/Cellar/maven/3.8.4/libexec/conf"/>
    <property name="jdk.debug" value="release"/>
    <property name="java.class.version" value="61.0"/>
    <property name="java.specification.name" value="Java Platform API Specification"/>
    <property name="sun.management.compiler" value="HotSpot 64-Bit Tiered Compilers"/>
    <property name="os.version" value="10.14.6"/>
    <property name="library.jansi.path" value="/usr/local/Cellar/maven/3.8.4/libexec/lib/jansi-native"/>
    <property name="http.nonProxyHosts" value="local|*.local|169.254/16|*.169.254/16"/>
    <property name="user.home" value="/Users/cuenc"/>
    <property name="user.timezone" value="Europe/Zurich"/>
    <property name="file.encoding" value="US-ASCII"/>
    <property name="java.specification.version" value="17"/>
    <property name="user.name" value="cuenc"/>
    <property name="java.class.path" value="/usr/local/Cellar/maven/3.8.4/libexec/boot/plexus-classworlds-2.6.0.jar"/>
    <property name="java.vm.specification.version" value="17"/>
    <property name="sun.arch.data.model" value="64"/>
    <property name="sun.java.command" value="org.codehaus.plexus.classworlds.launcher.Launcher site"/>
    <property name="java.home" value="/usr/local/Cellar/openjdk/17.0.2/libexec/openjdk.jdk/Contents/Home"/>
    <property name="user.language" value="en"/>
    <property name="java.specification.vendor" value="Oracle Corporation"/>
    <property name="java.vm.info" value="mixed mode, sharing"/>
    <property name="java.version" value="17.0.2"/>
    <property name="native.encoding" value="US-ASCII"/>
    <property name="java.vendor" value="Homebrew"/>
    <property name="sun.stderr.encoding" value="US-ASCII"/>
    <property name="maven.home" value="/usr/local/Cellar/maven/3.8.4/libexec"/>
    <property name="file.separator" value="/"/>
    <property name="java.version.date" value="2022-01-18"/>
    <property name="java.vendor.url.bug" value="https://github.com/Homebrew/homebrew-core/issues"/>
    <property name="sun.io.unicode.encoding" value="UnicodeBig"/>
    <property name="sun.cpu.endian" value="little"/>
    <property name="java.vendor.version" value="Homebrew"/>
    <property name="sun.stdout.encoding" value="US-ASCII"/>
    <property name="socksNonProxyHosts" value="local|*.local|169.254/16|*.169.254/16"/>
    <property name="ftp.nonProxyHosts" value="local|*.local|169.254/16|*.169.254/16"/>
  </properties>
  <testcase classname="model.GamePlayersTest" name="testGenerateRandomYCoordinate" time="0"/>
  <testcase classname="model.GamePlayersTest" name="testGetField" time="0"/>
  <testcase classname="model.GamePlayersTest" name="testGetName2" time="0"/>
  <testcase classname="model.GamePlayersTest" name="testGetName5" time="0"/>
  <testcase classname="model.GamePlayersTest" name="testGetName6" time="0"/>
  <testcase classname="model.GamePlayersTest" name="testGetScore" time="0"/>
  <testcase classname="model.GamePlayersTest" name="testResetScore2" time="0"/>
  <testcase classname="model.GamePlayersTest" name="testResetScore3" time="0"/>
  <testcase classname="model.GamePlayersTest" name="testResetScore4" time="0"/>
  <testcase classname="model.GamePlayersTest" name="testResetScore5" time="0"/>
  <testcase classname="model.GamePlayersTest" name="testGetSymbol2" time="0"/>
  <testcase classname="model.GamePlayersTest" name="testGetSymbol3" time="0"/>
  <testcase classname="model.GamePlayersTest" name="testGamePlayers" time="0"/>
  <testcase classname="model.GamePlayersTest" name="testIncreaseScore2" time="0"/>
  <testcase classname="model.GamePlayersTest" name="testIncreaseScore3" time="0"/>
  <testcase classname="model.GamePlayersTest" name="testDecreaseAndIncreaseScore" time="0"/>
  <testcase classname="model.GamePlayersTest" name="testgenerateRandomXCoordinateForSecondAI" time="0"/>
  <testcase classname="model.GamePlayersTest" name="testGetName" time="0"/>
  <testcase classname="model.GamePlayersTest" name="testGetPlayer2" time="0"/>
  <testcase classname="model.GamePlayersTest" name="testDecreaseScore2" time="0"/>
  <testcase classname="model.GamePlayersTest" name="testGenerateRandomXCoordinate" time="0"/>
  <testcase classname="model.GamePlayersTest" name="setScore2" time="0"/>
  <testcase classname="model.GamePlayersTest" name="setScore3" time="0"/>
  <testcase classname="model.GamePlayersTest" name="testGenerateRandomXCoordinateForSecondPlayer" time="0"/>
  <testcase classname="model.GamePlayersTest" name="testGenerateRandomYCoordinateForSecondPlayer" time="0"/>
  <testcase classname="model.GamePlayersTest" name="testIncreaseScore" time="0"/>
  <testcase classname="model.GamePlayersTest" name="testSetSymbol" time="0"/>
  <testcase classname="model.GamePlayersTest" name="testGetPlayer" time="0"/>
  <testcase classname="model.GamePlayersTest" name="testDecreaseScore" time="0"/>
  <testcase classname="model.GamePlayersTest" name="setName2" time="0"/>
  <testcase classname="model.GamePlayersTest" name="setScore" time="0"/>
  <testcase classname="model.GamePlayersTest" name="testGetScore2" time="0"/>
  <testcase classname="model.GamePlayersTest" name="testGetScore3" time="0"/>
  <testcase classname="model.GamePlayersTest" name="testGetSymbol" time="0"/>
  <testcase classname="model.GamePlayersTest" name="testIsAlive" time="0"/>
  <testcase classname="model.GamePlayersTest" name="testgenerateRandomYCoordinateForSecondAI" time="0"/>
  <testcase classname="model.GamePlayersTest" name="testResetScore" time="0"/>
  <testcase classname="model.GamePlayersTest" name="setName" time="0"/>
  <testcase classname="model.GamePlayersTest" name="testDecreaseAndIncreaseScore2" time="0"/>
  <testcase classname="model.GamePlayersTest" name="testDecreaseAndIncreaseScore3" time="0"/>
</testsuite>